<?xml version="1.0" encoding="UTF-8"?>
<testsuites name="Test Auth Users" time="44" tests="1" failures="3" errors="0">
   <testsuite name="Test Auth Users" tests="1" failures="3" errors="0" time="44" timestamp="2018-05-30 13:52:19" hostname="SENA - DESKTOP-L0GLE2A" id="Test Suites/Test Auth Users">
      <properties>
         <property name="deviceName" value=""/>
         <property name="devicePlatform" value=""/>
         <property name="logFolder" value="C:\\xampp\\htdocs\\Project_New_Reset_AIHD\\WEB\\test\\Testing\\Reports\\Test Auth Users\\20180530_135216"/>
         <property name="logFiles" value="C:\\xampp\\htdocs\\Project_New_Reset_AIHD\\WEB\\test\\Testing\\Reports\\Test Auth Users\\20180530_135216\\execution0.log"/>
         <property name="attachments" value="C:\\xampp\\htdocs\\Project_New_Reset_AIHD\\WEB\\test\\Testing\\Reports\\Test Auth Users\\20180530_135216\\1527706357104.png, C:\\xampp\\htdocs\\Project_New_Reset_AIHD\\WEB\\test\\Testing\\Reports\\Test Auth Users\\20180530_135216\\1527706357370.png, C:\\xampp\\htdocs\\Project_New_Reset_AIHD\\WEB\\test\\Testing\\Reports\\Test Auth Users\\20180530_135216\\1527706365875.png, C:\\xampp\\htdocs\\Project_New_Reset_AIHD\\WEB\\test\\Testing\\Reports\\Test Auth Users\\20180530_135216\\1527706366186.png, C:\\xampp\\htdocs\\Project_New_Reset_AIHD\\WEB\\test\\Testing\\Reports\\Test Auth Users\\20180530_135216\\1527706382862.png, C:\\xampp\\htdocs\\Project_New_Reset_AIHD\\WEB\\test\\Testing\\Reports\\Test Auth Users\\20180530_135216\\1527706383151.png"/>
         <property name="hostName" value="SENA - DESKTOP-L0GLE2A"/>
         <property name="os" value="Windows 10 64bit"/>
         <property name="katalonVersion" value="5.4.1.1"/>
         <property name="browser" value="Chrome 66.0.3359.181"/>
         <property name="hostAddress" value="192.168.1.215"/>
         <property name="sessionId" value="f3b9524c77d9b0d0bb3f229019215679"/>
         <property name="seleniumVersion" value="3.7.1"/>
         <property name="proxyInformation" value="ProxyInformation{proxyOption=NO_PROXY, proxyServerType=HTTP, password=, proxyServerAddress=, proxyServerPort=0}"/>
         <property name="platform" value="Windows 10"/>
      </properties>
      <testcase name="Test Cases/01 Ingreso Usuario/01.01 Ingreso Usuario SuperAdministrador" classname="Test Cases/01 Ingreso Usuario/01.01 Ingreso Usuario SuperAdministrador" status="FAILED">
         <failure type="FAILED" message="Verify element text of test object 'Object Repository/01 Ingreso Usuarios/01.01 Ingreso Usuario SuperAdministrador/Page_New Reset AIHD Admin Dashboard/div_Super Admin' FAILED. (Root cause: Actual text '' and expected text 'Super Admin' of test object 'Object Repository/01 Ingreso Usuarios/01.01 Ingreso Usuario SuperAdministrador/Page_New Reset AIHD Admin Dashboard/div_Super Admin' are NOT matched.)"/>
         <system-out><![CDATA[2018-05-30 13:52:20 - [TEST_CASE][FAILED] - Test Cases/01 Ingreso Usuario/01.01 Ingreso Usuario SuperAdministrador: Test Cases/01 Ingreso Usuario/01.01 Ingreso Usuario SuperAdministrador FAILED because (of) Verify element text of test object 'Object Repository/01 Ingreso Usuarios/01.01 Ingreso Usuario SuperAdministrador/Page_New Reset AIHD Admin Dashboard/div_Super Admin' FAILED. (Root cause: Actual text '' and expected text 'Super Admin' of test object 'Object Repository/01 Ingreso Usuarios/01.01 Ingreso Usuario SuperAdministrador/Page_New Reset AIHD Admin Dashboard/div_Super Admin' are NOT matched.)

2018-05-30 13:52:20 - [TEST_STEP][PASSED] - openBrowser: Browser is opened with url: ''

2018-05-30 13:52:30 - [MESSAGE][PASSED] - Browser is opened with url: ''

2018-05-30 13:52:30 - [TEST_STEP][PASSED] - navigateToUrl: Navigate to 'http://localhost:3000/Project_New_Reset_AIHD/WEB/' successfully

2018-05-30 13:52:33 - [MESSAGE][PASSED] - Navigate to 'http://localhost:3000/Project_New_Reset_AIHD/WEB/' successfully

2018-05-30 13:52:33 - [TEST_STEP][PASSED] - click: Object: 'Object Repository/01 Ingreso Usuarios/01.01 Ingreso Usuario SuperAdministrador/Page_Bienvenido NEW RESET A.I.H.D/button_Inicia sesion' is clicked on

2018-05-30 13:52:33 - [MESSAGE][PASSED] - Object: 'Object Repository/01 Ingreso Usuarios/01.01 Ingreso Usuario SuperAdministrador/Page_Bienvenido NEW RESET A.I.H.D/button_Inicia sesion' is clicked on

2018-05-30 13:52:33 - [TEST_STEP][PASSED] - delay: Delayed 2 second(s)

2018-05-30 13:52:35 - [MESSAGE][PASSED] - Delayed 2 second(s)

2018-05-30 13:52:35 - [TEST_STEP][PASSED] - setText: Text 'sa@email.com' is set on object 'Object Repository/01 Ingreso Usuarios/01.01 Ingreso Usuario SuperAdministrador/Page_Bienvenido NEW RESET A.I.H.D/input_email'

2018-05-30 13:52:36 - [MESSAGE][PASSED] - Text 'sa@email.com' is set on object 'Object Repository/01 Ingreso Usuarios/01.01 Ingreso Usuario SuperAdministrador/Page_Bienvenido NEW RESET A.I.H.D/input_email'

2018-05-30 13:52:36 - [TEST_STEP][PASSED] - setText: Text '123456789' is set on object 'Object Repository/01 Ingreso Usuarios/01.01 Ingreso Usuario SuperAdministrador/Page_Bienvenido NEW RESET A.I.H.D/input_password'

2018-05-30 13:52:36 - [MESSAGE][PASSED] - Text '123456789' is set on object 'Object Repository/01 Ingreso Usuarios/01.01 Ingreso Usuario SuperAdministrador/Page_Bienvenido NEW RESET A.I.H.D/input_password'

2018-05-30 13:52:36 - [TEST_STEP][PASSED] - click: Object: 'Object Repository/01 Ingreso Usuarios/01.01 Ingreso Usuario SuperAdministrador/Page_Bienvenido NEW RESET A.I.H.D/button_Ingresar' is clicked on

2018-05-30 13:52:36 - [MESSAGE][PASSED] - Object: 'Object Repository/01 Ingreso Usuarios/01.01 Ingreso Usuario SuperAdministrador/Page_Bienvenido NEW RESET A.I.H.D/button_Ingresar' is clicked on

2018-05-30 13:52:36 - [TEST_STEP][FAILED] - verifyElementText: Verify element text of test object 'Object Repository/01 Ingreso Usuarios/01.01 Ingreso Usuario SuperAdministrador/Page_New Reset AIHD Admin Dashboard/div_Super Admin' FAILED. (Root cause: Actual text '' and expected text 'Super Admin' of test object 'Object Repository/01 Ingreso Usuarios/01.01 Ingreso Usuario SuperAdministrador/Page_New Reset AIHD Admin Dashboard/div_Super Admin' are NOT matched.)

2018-05-30 13:52:37 - [MESSAGE][FAILED] - Actual text '' and expected text 'Super Admin' of test object 'Object Repository/01 Ingreso Usuarios/01.01 Ingreso Usuario SuperAdministrador/Page_New Reset AIHD Admin Dashboard/div_Super Admin' are NOT matched.
[[ATTACHMENT|C:\\xampp\\htdocs\\Project_New_Reset_AIHD\\WEB\\test\\Testing\\Reports\\Test Auth Users\\20180530_135216\\1527706357104.png]]

2018-05-30 13:52:37 - [MESSAGE][FAILED] - Verify element text of test object 'Object Repository/01 Ingreso Usuarios/01.01 Ingreso Usuario SuperAdministrador/Page_New Reset AIHD Admin Dashboard/div_Super Admin' FAILED. (Root cause: Actual text '' and expected text 'Super Admin' of test object 'Object Repository/01 Ingreso Usuarios/01.01 Ingreso Usuario SuperAdministrador/Page_New Reset AIHD Admin Dashboard/div_Super Admin' are NOT matched.)
[[ATTACHMENT|C:\\xampp\\htdocs\\Project_New_Reset_AIHD\\WEB\\test\\Testing\\Reports\\Test Auth Users\\20180530_135216\\1527706357370.png]]]]></system-out>
         <system-err><![CDATA[2018-05-30 13:52:20 - [TEST_CASE][FAILED] - Test Cases/01 Ingreso Usuario/01.01 Ingreso Usuario SuperAdministrador: Test Cases/01 Ingreso Usuario/01.01 Ingreso Usuario SuperAdministrador FAILED because (of) Verify element text of test object 'Object Repository/01 Ingreso Usuarios/01.01 Ingreso Usuario SuperAdministrador/Page_New Reset AIHD Admin Dashboard/div_Super Admin' FAILED. (Root cause: Actual text '' and expected text 'Super Admin' of test object 'Object Repository/01 Ingreso Usuarios/01.01 Ingreso Usuario SuperAdministrador/Page_New Reset AIHD Admin Dashboard/div_Super Admin' are NOT matched.)]]></system-err>
      </testcase>
      <testcase name="Test Cases/01 Ingreso Usuario/01.02 Ingreso Usuario Tecnico" classname="Test Cases/01 Ingreso Usuario/01.02 Ingreso Usuario Tecnico" status="FAILED">
         <failure type="FAILED" message="Verify element text of test object 'Object Repository/01 Ingreso Usuarios/01.02 Ingreso Usuario Tecnico/Page_New Reset AIHD Admin Dashboard/i_Tcnico' FAILED. (Root cause: Actual text '' and expected text 'Técnico' of test object 'Object Repository/01 Ingreso Usuarios/01.02 Ingreso Usuario Tecnico/Page_New Reset AIHD Admin Dashboard/i_Tcnico' are NOT matched.)"/>
         <system-out><![CDATA[2018-05-30 13:52:37 - [TEST_CASE][FAILED] - Test Cases/01 Ingreso Usuario/01.02 Ingreso Usuario Tecnico: Test Cases/01 Ingreso Usuario/01.02 Ingreso Usuario Tecnico FAILED because (of) Verify element text of test object 'Object Repository/01 Ingreso Usuarios/01.02 Ingreso Usuario Tecnico/Page_New Reset AIHD Admin Dashboard/i_Tcnico' FAILED. (Root cause: Actual text '' and expected text 'Técnico' of test object 'Object Repository/01 Ingreso Usuarios/01.02 Ingreso Usuario Tecnico/Page_New Reset AIHD Admin Dashboard/i_Tcnico' are NOT matched.)

2018-05-30 13:52:37 - [TEST_STEP][PASSED] - openBrowser: Browser is opened with url: ''

2018-05-30 13:52:37 - [MESSAGE][WARNING] - A browser is already opened. Closing browser and opening a new one

2018-05-30 13:52:40 - [MESSAGE][PASSED] - Browser is opened with url: ''

2018-05-30 13:52:40 - [TEST_STEP][PASSED] - navigateToUrl: Navigate to 'http://localhost:3000/Project_New_Reset_AIHD/WEB/' successfully

2018-05-30 13:52:42 - [MESSAGE][PASSED] - Navigate to 'http://localhost:3000/Project_New_Reset_AIHD/WEB/' successfully

2018-05-30 13:52:42 - [TEST_STEP][PASSED] - click: Object: 'Object Repository/01 Ingreso Usuarios/01.01 Ingreso Usuario SuperAdministrador/Page_Bienvenido NEW RESET A.I.H.D/button_Inicia sesion' is clicked on

2018-05-30 13:52:42 - [MESSAGE][PASSED] - Object: 'Object Repository/01 Ingreso Usuarios/01.01 Ingreso Usuario SuperAdministrador/Page_Bienvenido NEW RESET A.I.H.D/button_Inicia sesion' is clicked on

2018-05-30 13:52:42 - [TEST_STEP][PASSED] - delay: Delayed 2 second(s)

2018-05-30 13:52:44 - [MESSAGE][PASSED] - Delayed 2 second(s)

2018-05-30 13:52:44 - [TEST_STEP][PASSED] - setText: Text 'tech@email.com' is set on object 'Object Repository/01 Ingreso Usuarios/01.01 Ingreso Usuario SuperAdministrador/Page_Bienvenido NEW RESET A.I.H.D/input_email'

2018-05-30 13:52:45 - [MESSAGE][PASSED] - Text 'tech@email.com' is set on object 'Object Repository/01 Ingreso Usuarios/01.01 Ingreso Usuario SuperAdministrador/Page_Bienvenido NEW RESET A.I.H.D/input_email'

2018-05-30 13:52:45 - [TEST_STEP][PASSED] - setText: Text '12345678' is set on object 'Object Repository/01 Ingreso Usuarios/01.01 Ingreso Usuario SuperAdministrador/Page_Bienvenido NEW RESET A.I.H.D/input_password'

2018-05-30 13:52:45 - [MESSAGE][PASSED] - Text '12345678' is set on object 'Object Repository/01 Ingreso Usuarios/01.01 Ingreso Usuario SuperAdministrador/Page_Bienvenido NEW RESET A.I.H.D/input_password'

2018-05-30 13:52:45 - [TEST_STEP][PASSED] - click: Object: 'Object Repository/01 Ingreso Usuarios/01.01 Ingreso Usuario SuperAdministrador/Page_Bienvenido NEW RESET A.I.H.D/button_Ingresar' is clicked on

2018-05-30 13:52:45 - [MESSAGE][PASSED] - Object: 'Object Repository/01 Ingreso Usuarios/01.01 Ingreso Usuario SuperAdministrador/Page_Bienvenido NEW RESET A.I.H.D/button_Ingresar' is clicked on

2018-05-30 13:52:45 - [TEST_STEP][PASSED] - verifyElementText: Actual text and expected text of test object 'Object Repository/01 Ingreso Usuarios/01.02 Ingreso Usuario Tecnico/Page_New Reset AIHD Admin Dashboard/div_Tech Admin' are matched.

2018-05-30 13:52:45 - [MESSAGE][PASSED] - Actual text and expected text of test object 'Object Repository/01 Ingreso Usuarios/01.02 Ingreso Usuario Tecnico/Page_New Reset AIHD Admin Dashboard/div_Tech Admin' are matched.

2018-05-30 13:52:45 - [TEST_STEP][FAILED] - verifyElementText: Verify element text of test object 'Object Repository/01 Ingreso Usuarios/01.02 Ingreso Usuario Tecnico/Page_New Reset AIHD Admin Dashboard/i_Tcnico' FAILED. (Root cause: Actual text '' and expected text 'Técnico' of test object 'Object Repository/01 Ingreso Usuarios/01.02 Ingreso Usuario Tecnico/Page_New Reset AIHD Admin Dashboard/i_Tcnico' are NOT matched.)

2018-05-30 13:52:46 - [MESSAGE][FAILED] - Actual text '' and expected text 'Técnico' of test object 'Object Repository/01 Ingreso Usuarios/01.02 Ingreso Usuario Tecnico/Page_New Reset AIHD Admin Dashboard/i_Tcnico' are NOT matched.
[[ATTACHMENT|C:\\xampp\\htdocs\\Project_New_Reset_AIHD\\WEB\\test\\Testing\\Reports\\Test Auth Users\\20180530_135216\\1527706365875.png]]

2018-05-30 13:52:46 - [MESSAGE][FAILED] - Verify element text of test object 'Object Repository/01 Ingreso Usuarios/01.02 Ingreso Usuario Tecnico/Page_New Reset AIHD Admin Dashboard/i_Tcnico' FAILED. (Root cause: Actual text '' and expected text 'Técnico' of test object 'Object Repository/01 Ingreso Usuarios/01.02 Ingreso Usuario Tecnico/Page_New Reset AIHD Admin Dashboard/i_Tcnico' are NOT matched.)
[[ATTACHMENT|C:\\xampp\\htdocs\\Project_New_Reset_AIHD\\WEB\\test\\Testing\\Reports\\Test Auth Users\\20180530_135216\\1527706366186.png]]]]></system-out>
         <system-err><![CDATA[2018-05-30 13:52:37 - [TEST_CASE][FAILED] - Test Cases/01 Ingreso Usuario/01.02 Ingreso Usuario Tecnico: Test Cases/01 Ingreso Usuario/01.02 Ingreso Usuario Tecnico FAILED because (of) Verify element text of test object 'Object Repository/01 Ingreso Usuarios/01.02 Ingreso Usuario Tecnico/Page_New Reset AIHD Admin Dashboard/i_Tcnico' FAILED. (Root cause: Actual text '' and expected text 'Técnico' of test object 'Object Repository/01 Ingreso Usuarios/01.02 Ingreso Usuario Tecnico/Page_New Reset AIHD Admin Dashboard/i_Tcnico' are NOT matched.)]]></system-err>
      </testcase>
      <testcase name="Test Cases/01 Ingreso Usuario/01.03 Ingreso Usuario Administrativo" classname="Test Cases/01 Ingreso Usuario/01.03 Ingreso Usuario Administrativo" status="PASSED">
         <system-out><![CDATA[2018-05-30 13:52:46 - [TEST_CASE][PASSED] - Test Cases/01 Ingreso Usuario/01.03 Ingreso Usuario Administrativo: Test Cases/01 Ingreso Usuario/01.03 Ingreso Usuario Administrativo

2018-05-30 13:52:46 - [TEST_STEP][PASSED] - openBrowser: Browser is opened with url: ''

2018-05-30 13:52:46 - [MESSAGE][WARNING] - A browser is already opened. Closing browser and opening a new one

2018-05-30 13:52:49 - [MESSAGE][PASSED] - Browser is opened with url: ''

2018-05-30 13:52:49 - [TEST_STEP][PASSED] - navigateToUrl: Navigate to 'http://localhost:3000/Project_New_Reset_AIHD/WEB/' successfully

2018-05-30 13:52:51 - [MESSAGE][PASSED] - Navigate to 'http://localhost:3000/Project_New_Reset_AIHD/WEB/' successfully

2018-05-30 13:52:51 - [TEST_STEP][PASSED] - click: Object: 'Object Repository/01 Ingreso Usuarios/01.03 Ingreso Usuario Administrativo/Page_Bienvenido NEW RESET A.I.H.D/button_Inicia sesion' is clicked on

2018-05-30 13:52:51 - [MESSAGE][PASSED] - Object: 'Object Repository/01 Ingreso Usuarios/01.03 Ingreso Usuario Administrativo/Page_Bienvenido NEW RESET A.I.H.D/button_Inicia sesion' is clicked on

2018-05-30 13:52:51 - [TEST_STEP][PASSED] - delay: Delayed 2 second(s)

2018-05-30 13:52:53 - [MESSAGE][PASSED] - Delayed 2 second(s)

2018-05-30 13:52:53 - [TEST_STEP][PASSED] - setText: Text 'rct@email.com' is set on object 'Object Repository/01 Ingreso Usuarios/01.03 Ingreso Usuario Administrativo/Page_Bienvenido NEW RESET A.I.H.D/input_email'

2018-05-30 13:52:54 - [MESSAGE][PASSED] - Text 'rct@email.com' is set on object 'Object Repository/01 Ingreso Usuarios/01.03 Ingreso Usuario Administrativo/Page_Bienvenido NEW RESET A.I.H.D/input_email'

2018-05-30 13:52:54 - [TEST_STEP][PASSED] - setText: Text '1234567' is set on object 'Object Repository/01 Ingreso Usuarios/01.03 Ingreso Usuario Administrativo/Page_Bienvenido NEW RESET A.I.H.D/input_password'

2018-05-30 13:52:54 - [MESSAGE][PASSED] - Text '1234567' is set on object 'Object Repository/01 Ingreso Usuarios/01.03 Ingreso Usuario Administrativo/Page_Bienvenido NEW RESET A.I.H.D/input_password'

2018-05-30 13:52:54 - [TEST_STEP][PASSED] - click: Object: 'Object Repository/01 Ingreso Usuarios/01.03 Ingreso Usuario Administrativo/Page_Bienvenido NEW RESET A.I.H.D/button_Ingresar' is clicked on

2018-05-30 13:52:54 - [MESSAGE][PASSED] - Object: 'Object Repository/01 Ingreso Usuarios/01.03 Ingreso Usuario Administrativo/Page_Bienvenido NEW RESET A.I.H.D/button_Ingresar' is clicked on

2018-05-30 13:52:54 - [TEST_STEP][PASSED] - verifyElementText: Actual text and expected text of test object 'Object Repository/01 Ingreso Usuarios/01.03 Ingreso Usuario Administrativo/Page_New Reset AIHD Admin Dashboard/div_Camilo Torres' are matched.

2018-05-30 13:52:54 - [MESSAGE][PASSED] - Actual text and expected text of test object 'Object Repository/01 Ingreso Usuarios/01.03 Ingreso Usuario Administrativo/Page_New Reset AIHD Admin Dashboard/div_Camilo Torres' are matched.

2018-05-30 13:52:54 - [TEST_STEP][PASSED] - verifyElementText: Actual text and expected text of test object 'Object Repository/01 Ingreso Usuarios/01.03 Ingreso Usuario Administrativo/Page_New Reset AIHD Admin Dashboard/i_Administrativo' are matched.

2018-05-30 13:52:54 - [MESSAGE][PASSED] - Actual text and expected text of test object 'Object Repository/01 Ingreso Usuarios/01.03 Ingreso Usuario Administrativo/Page_New Reset AIHD Admin Dashboard/i_Administrativo' are matched.

2018-05-30 13:52:54 - [TEST_STEP][PASSED] - closeBrowser: Browser is closed

2018-05-30 13:52:55 - [MESSAGE][PASSED] - Browser is closed]]></system-out>
         <system-err><![CDATA[]]></system-err>
      </testcase>
      <testcase name="Test Cases/01 Ingreso Usuario/01.04 Ingreso Usuario Profesor" classname="Test Cases/01 Ingreso Usuario/01.04 Ingreso Usuario Profesor" status="FAILED">
         <failure type="FAILED" message="Verify element text of test object 'Object Repository/01 Ingreso Usuarios/01.04 Ingreso Usuario Profesor/Page_New Reset AIHD Admin Dashboard/i_Usuario' FAILED. (Root cause: Actual text '' and expected text 'Usuario' of test object 'Object Repository/01 Ingreso Usuarios/01.04 Ingreso Usuario Profesor/Page_New Reset AIHD Admin Dashboard/i_Usuario' are NOT matched.)"/>
         <system-out><![CDATA[2018-05-30 13:52:55 - [TEST_CASE][FAILED] - Test Cases/01 Ingreso Usuario/01.04 Ingreso Usuario Profesor: Test Cases/01 Ingreso Usuario/01.04 Ingreso Usuario Profesor FAILED because (of) Verify element text of test object 'Object Repository/01 Ingreso Usuarios/01.04 Ingreso Usuario Profesor/Page_New Reset AIHD Admin Dashboard/i_Usuario' FAILED. (Root cause: Actual text '' and expected text 'Usuario' of test object 'Object Repository/01 Ingreso Usuarios/01.04 Ingreso Usuario Profesor/Page_New Reset AIHD Admin Dashboard/i_Usuario' are NOT matched.)

2018-05-30 13:52:55 - [TEST_STEP][PASSED] - openBrowser: Browser is opened with url: ''

2018-05-30 13:52:57 - [MESSAGE][PASSED] - Browser is opened with url: ''

2018-05-30 13:52:57 - [TEST_STEP][PASSED] - navigateToUrl: Navigate to 'http://localhost:3000/Project_New_Reset_AIHD/WEB/' successfully

2018-05-30 13:52:59 - [MESSAGE][PASSED] - Navigate to 'http://localhost:3000/Project_New_Reset_AIHD/WEB/' successfully

2018-05-30 13:52:59 - [TEST_STEP][PASSED] - click: Object: 'Object Repository/01 Ingreso Usuarios/01.04 Ingreso Usuario Profesor/Page_Bienvenido NEW RESET A.I.H.D/button_Inicia sesion' is clicked on

2018-05-30 13:52:59 - [MESSAGE][PASSED] - Object: 'Object Repository/01 Ingreso Usuarios/01.04 Ingreso Usuario Profesor/Page_Bienvenido NEW RESET A.I.H.D/button_Inicia sesion' is clicked on

2018-05-30 13:52:59 - [TEST_STEP][PASSED] - delay: Delayed 2 second(s)

2018-05-30 13:53:01 - [MESSAGE][PASSED] - Delayed 2 second(s)

2018-05-30 13:53:01 - [TEST_STEP][PASSED] - setText: Text 'uag@email.com' is set on object 'Object Repository/01 Ingreso Usuarios/01.04 Ingreso Usuario Profesor/Page_Bienvenido NEW RESET A.I.H.D/input_email'

2018-05-30 13:53:01 - [MESSAGE][PASSED] - Text 'uag@email.com' is set on object 'Object Repository/01 Ingreso Usuarios/01.04 Ingreso Usuario Profesor/Page_Bienvenido NEW RESET A.I.H.D/input_email'

2018-05-30 13:53:01 - [TEST_STEP][PASSED] - setText: Text '1234560' is set on object 'Object Repository/01 Ingreso Usuarios/01.04 Ingreso Usuario Profesor/Page_Bienvenido NEW RESET A.I.H.D/input_password'

2018-05-30 13:53:02 - [MESSAGE][PASSED] - Text '1234560' is set on object 'Object Repository/01 Ingreso Usuarios/01.04 Ingreso Usuario Profesor/Page_Bienvenido NEW RESET A.I.H.D/input_password'

2018-05-30 13:53:02 - [TEST_STEP][PASSED] - click: Object: 'Object Repository/01 Ingreso Usuarios/01.04 Ingreso Usuario Profesor/Page_Bienvenido NEW RESET A.I.H.D/button_Ingresar' is clicked on

2018-05-30 13:53:02 - [MESSAGE][PASSED] - Object: 'Object Repository/01 Ingreso Usuarios/01.04 Ingreso Usuario Profesor/Page_Bienvenido NEW RESET A.I.H.D/button_Ingresar' is clicked on

2018-05-30 13:53:02 - [TEST_STEP][PASSED] - verifyElementText: Actual text and expected text of test object 'Object Repository/01 Ingreso Usuarios/01.04 Ingreso Usuario Profesor/Page_New Reset AIHD Admin Dashboard/div_Andrs Garca' are matched.

2018-05-30 13:53:02 - [MESSAGE][PASSED] - Actual text and expected text of test object 'Object Repository/01 Ingreso Usuarios/01.04 Ingreso Usuario Profesor/Page_New Reset AIHD Admin Dashboard/div_Andrs Garca' are matched.

2018-05-30 13:53:02 - [TEST_STEP][FAILED] - verifyElementText: Verify element text of test object 'Object Repository/01 Ingreso Usuarios/01.04 Ingreso Usuario Profesor/Page_New Reset AIHD Admin Dashboard/i_Usuario' FAILED. (Root cause: Actual text '' and expected text 'Usuario' of test object 'Object Repository/01 Ingreso Usuarios/01.04 Ingreso Usuario Profesor/Page_New Reset AIHD Admin Dashboard/i_Usuario' are NOT matched.)

2018-05-30 13:53:03 - [MESSAGE][FAILED] - Actual text '' and expected text 'Usuario' of test object 'Object Repository/01 Ingreso Usuarios/01.04 Ingreso Usuario Profesor/Page_New Reset AIHD Admin Dashboard/i_Usuario' are NOT matched.
[[ATTACHMENT|C:\\xampp\\htdocs\\Project_New_Reset_AIHD\\WEB\\test\\Testing\\Reports\\Test Auth Users\\20180530_135216\\1527706382862.png]]

2018-05-30 13:53:03 - [MESSAGE][FAILED] - Verify element text of test object 'Object Repository/01 Ingreso Usuarios/01.04 Ingreso Usuario Profesor/Page_New Reset AIHD Admin Dashboard/i_Usuario' FAILED. (Root cause: Actual text '' and expected text 'Usuario' of test object 'Object Repository/01 Ingreso Usuarios/01.04 Ingreso Usuario Profesor/Page_New Reset AIHD Admin Dashboard/i_Usuario' are NOT matched.)
[[ATTACHMENT|C:\\xampp\\htdocs\\Project_New_Reset_AIHD\\WEB\\test\\Testing\\Reports\\Test Auth Users\\20180530_135216\\1527706383151.png]]]]></system-out>
         <system-err><![CDATA[2018-05-30 13:52:55 - [TEST_CASE][FAILED] - Test Cases/01 Ingreso Usuario/01.04 Ingreso Usuario Profesor: Test Cases/01 Ingreso Usuario/01.04 Ingreso Usuario Profesor FAILED because (of) Verify element text of test object 'Object Repository/01 Ingreso Usuarios/01.04 Ingreso Usuario Profesor/Page_New Reset AIHD Admin Dashboard/i_Usuario' FAILED. (Root cause: Actual text '' and expected text 'Usuario' of test object 'Object Repository/01 Ingreso Usuarios/01.04 Ingreso Usuario Profesor/Page_New Reset AIHD Admin Dashboard/i_Usuario' are NOT matched.)]]></system-err>
      </testcase>
      <system-out><![CDATA[2018-05-30 13:52:19 - [TEST_SUITE][FAILED] - Test Auth Users: Test Cases/01 Ingreso Usuario/01.01 Ingreso Usuario SuperAdministrador FAILED because (of) Verify element text of test object 'Object Repository/01 Ingreso Usuarios/01.01 Ingreso Usuario SuperAdministrador/Page_New Reset AIHD Admin Dashboard/div_Super Admin' FAILED. (Root cause: Actual text '' and expected text 'Super Admin' of test object 'Object Repository/01 Ingreso Usuarios/01.01 Ingreso Usuario SuperAdministrador/Page_New Reset AIHD Admin Dashboard/div_Super Admin' are NOT matched.)]]></system-out>
      <system-err><![CDATA[2018-05-30 13:52:19 - [TEST_SUITE][FAILED] - Test Auth Users: Test Cases/01 Ingreso Usuario/01.01 Ingreso Usuario SuperAdministrador FAILED because (of) Verify element text of test object 'Object Repository/01 Ingreso Usuarios/01.01 Ingreso Usuario SuperAdministrador/Page_New Reset AIHD Admin Dashboard/div_Super Admin' FAILED. (Root cause: Actual text '' and expected text 'Super Admin' of test object 'Object Repository/01 Ingreso Usuarios/01.01 Ingreso Usuario SuperAdministrador/Page_New Reset AIHD Admin Dashboard/div_Super Admin' are NOT matched.)]]></system-err>
   </testsuite>
</testsuites>
