<?xml version="1.0" encoding="UTF-8"?>
<testsuites name="Test Auth Users" time="98" tests="2" failures="2" errors="0">
   <testsuite name="Test Auth Users" tests="2" failures="2" errors="0" time="98" timestamp="2018-05-29 17:22:15" hostname="SENA - DESKTOP-L0GLE2A" id="Test Suites/Test Auth Users">
      <properties>
         <property name="deviceName" value=""/>
         <property name="devicePlatform" value=""/>
         <property name="logFolder" value="C:\\xampp\\htdocs\\Project_New_Reset_AIHD\\WEB\\test\\Testing\\Reports\\Test Auth Users\\20180529_172212"/>
         <property name="logFiles" value="C:\\xampp\\htdocs\\Project_New_Reset_AIHD\\WEB\\test\\Testing\\Reports\\Test Auth Users\\20180529_172212\\execution0.log"/>
         <property name="attachments" value="C:\\xampp\\htdocs\\Project_New_Reset_AIHD\\WEB\\test\\Testing\\Reports\\Test Auth Users\\20180529_172212\\1527632590010.png, C:\\xampp\\htdocs\\Project_New_Reset_AIHD\\WEB\\test\\Testing\\Reports\\Test Auth Users\\20180529_172212\\1527632632306.png"/>
         <property name="hostName" value="SENA - DESKTOP-L0GLE2A"/>
         <property name="os" value="Windows 10 64bit"/>
         <property name="katalonVersion" value="5.4.1.1"/>
         <property name="browser" value="Chrome 66.0.3359.181"/>
         <property name="hostAddress" value="192.168.2.239"/>
         <property name="sessionId" value="ba859ea68bfb69f8b6385ee5e06c9fd3"/>
         <property name="seleniumVersion" value="3.7.1"/>
         <property name="proxyInformation" value="ProxyInformation{proxyOption=NO_PROXY, proxyServerType=HTTP, password=, proxyServerAddress=, proxyServerPort=0}"/>
         <property name="platform" value="Windows 10"/>
      </properties>
      <testcase name="Test Cases/01 Ingreso Usuario/01.01 Ingreso Usuario SuperAdministrador" classname="Test Cases/01 Ingreso Usuario/01.01 Ingreso Usuario SuperAdministrador" status="PASSED">
         <system-out><![CDATA[2018-05-29 17:22:15 - [TEST_CASE][PASSED] - Test Cases/01 Ingreso Usuario/01.01 Ingreso Usuario SuperAdministrador: Test Cases/01 Ingreso Usuario/01.01 Ingreso Usuario SuperAdministrador

2018-05-29 17:22:15 - [TEST_STEP][PASSED] - openBrowser: Browser is opened with url: ''

2018-05-29 17:22:19 - [MESSAGE][PASSED] - Browser is opened with url: ''

2018-05-29 17:22:19 - [TEST_STEP][PASSED] - navigateToUrl: Navigate to 'http://localhost:3000/Project_New_Reset_AIHD/WEB/' successfully

2018-05-29 17:22:21 - [MESSAGE][PASSED] - Navigate to 'http://localhost:3000/Project_New_Reset_AIHD/WEB/' successfully

2018-05-29 17:22:21 - [TEST_STEP][PASSED] - click: Object: 'Object Repository/01 Ingreso Usuarios/01.01 Ingreso Usuario SuperAdministrador/Page_Bienvenido NEW RESET A.I.H.D/button_Inicia sesion' is clicked on

2018-05-29 17:22:21 - [MESSAGE][PASSED] - Object: 'Object Repository/01 Ingreso Usuarios/01.01 Ingreso Usuario SuperAdministrador/Page_Bienvenido NEW RESET A.I.H.D/button_Inicia sesion' is clicked on

2018-05-29 17:22:21 - [TEST_STEP][PASSED] - delay: Delayed 2 second(s)

2018-05-29 17:22:23 - [MESSAGE][PASSED] - Delayed 2 second(s)

2018-05-29 17:22:23 - [TEST_STEP][PASSED] - setText: Text 'sa@email.com' is set on object 'Object Repository/01 Ingreso Usuarios/01.01 Ingreso Usuario SuperAdministrador/Page_Bienvenido NEW RESET A.I.H.D/input_email'

2018-05-29 17:22:23 - [MESSAGE][PASSED] - Text 'sa@email.com' is set on object 'Object Repository/01 Ingreso Usuarios/01.01 Ingreso Usuario SuperAdministrador/Page_Bienvenido NEW RESET A.I.H.D/input_email'

2018-05-29 17:22:23 - [TEST_STEP][PASSED] - setText: Text '123456789' is set on object 'Object Repository/01 Ingreso Usuarios/01.01 Ingreso Usuario SuperAdministrador/Page_Bienvenido NEW RESET A.I.H.D/input_password'

2018-05-29 17:22:23 - [MESSAGE][PASSED] - Text '123456789' is set on object 'Object Repository/01 Ingreso Usuarios/01.01 Ingreso Usuario SuperAdministrador/Page_Bienvenido NEW RESET A.I.H.D/input_password'

2018-05-29 17:22:23 - [TEST_STEP][PASSED] - click: Object: 'Object Repository/01 Ingreso Usuarios/01.01 Ingreso Usuario SuperAdministrador/Page_Bienvenido NEW RESET A.I.H.D/button_Ingresar' is clicked on

2018-05-29 17:22:25 - [MESSAGE][PASSED] - Object: 'Object Repository/01 Ingreso Usuarios/01.01 Ingreso Usuario SuperAdministrador/Page_Bienvenido NEW RESET A.I.H.D/button_Ingresar' is clicked on

2018-05-29 17:22:25 - [TEST_STEP][PASSED] - verifyElementText: Actual text and expected text of test object 'Object Repository/01 Ingreso Usuarios/01.01 Ingreso Usuario SuperAdministrador/Page_New Reset AIHD Admin Dashboard/div_Super Admin' are matched.

2018-05-29 17:22:25 - [MESSAGE][PASSED] - Actual text and expected text of test object 'Object Repository/01 Ingreso Usuarios/01.01 Ingreso Usuario SuperAdministrador/Page_New Reset AIHD Admin Dashboard/div_Super Admin' are matched.

2018-05-29 17:22:25 - [TEST_STEP][PASSED] - verifyElementText: Actual text and expected text of test object 'Object Repository/01 Ingreso Usuarios/01.01 Ingreso Usuario SuperAdministrador/Page_New Reset AIHD Admin Dashboard/i_Superadministrador' are matched.

2018-05-29 17:22:26 - [MESSAGE][PASSED] - Actual text and expected text of test object 'Object Repository/01 Ingreso Usuarios/01.01 Ingreso Usuario SuperAdministrador/Page_New Reset AIHD Admin Dashboard/i_Superadministrador' are matched.

2018-05-29 17:22:26 - [TEST_STEP][PASSED] - closeBrowser: Browser is closed

2018-05-29 17:22:26 - [MESSAGE][PASSED] - Browser is closed]]></system-out>
         <system-err><![CDATA[]]></system-err>
      </testcase>
      <testcase name="Test Cases/01 Ingreso Usuario/01.02 Ingreso Usuario Tecnico" classname="Test Cases/01 Ingreso Usuario/01.02 Ingreso Usuario Tecnico" status="PASSED">
         <system-out><![CDATA[2018-05-29 17:22:26 - [TEST_CASE][PASSED] - Test Cases/01 Ingreso Usuario/01.02 Ingreso Usuario Tecnico: Test Cases/01 Ingreso Usuario/01.02 Ingreso Usuario Tecnico

2018-05-29 17:22:26 - [TEST_STEP][PASSED] - openBrowser: Browser is opened with url: ''

2018-05-29 17:22:28 - [MESSAGE][PASSED] - Browser is opened with url: ''

2018-05-29 17:22:28 - [TEST_STEP][PASSED] - navigateToUrl: Navigate to 'http://localhost:3000/Project_New_Reset_AIHD/WEB/' successfully

2018-05-29 17:22:29 - [MESSAGE][PASSED] - Navigate to 'http://localhost:3000/Project_New_Reset_AIHD/WEB/' successfully

2018-05-29 17:22:29 - [TEST_STEP][PASSED] - click: Object: 'Object Repository/01 Ingreso Usuarios/01.01 Ingreso Usuario SuperAdministrador/Page_Bienvenido NEW RESET A.I.H.D/button_Inicia sesion' is clicked on

2018-05-29 17:22:30 - [MESSAGE][PASSED] - Object: 'Object Repository/01 Ingreso Usuarios/01.01 Ingreso Usuario SuperAdministrador/Page_Bienvenido NEW RESET A.I.H.D/button_Inicia sesion' is clicked on

2018-05-29 17:22:30 - [TEST_STEP][PASSED] - delay: Delayed 2 second(s)

2018-05-29 17:22:32 - [MESSAGE][PASSED] - Delayed 2 second(s)

2018-05-29 17:22:32 - [TEST_STEP][PASSED] - setText: Text 'tech@email.com' is set on object 'Object Repository/01 Ingreso Usuarios/01.01 Ingreso Usuario SuperAdministrador/Page_Bienvenido NEW RESET A.I.H.D/input_email'

2018-05-29 17:22:32 - [MESSAGE][PASSED] - Text 'tech@email.com' is set on object 'Object Repository/01 Ingreso Usuarios/01.01 Ingreso Usuario SuperAdministrador/Page_Bienvenido NEW RESET A.I.H.D/input_email'

2018-05-29 17:22:32 - [TEST_STEP][PASSED] - setText: Text '12345678' is set on object 'Object Repository/01 Ingreso Usuarios/01.01 Ingreso Usuario SuperAdministrador/Page_Bienvenido NEW RESET A.I.H.D/input_password'

2018-05-29 17:22:32 - [MESSAGE][PASSED] - Text '12345678' is set on object 'Object Repository/01 Ingreso Usuarios/01.01 Ingreso Usuario SuperAdministrador/Page_Bienvenido NEW RESET A.I.H.D/input_password'

2018-05-29 17:22:32 - [TEST_STEP][PASSED] - click: Object: 'Object Repository/01 Ingreso Usuarios/01.01 Ingreso Usuario SuperAdministrador/Page_Bienvenido NEW RESET A.I.H.D/button_Ingresar' is clicked on

2018-05-29 17:22:32 - [MESSAGE][PASSED] - Object: 'Object Repository/01 Ingreso Usuarios/01.01 Ingreso Usuario SuperAdministrador/Page_Bienvenido NEW RESET A.I.H.D/button_Ingresar' is clicked on

2018-05-29 17:22:32 - [TEST_STEP][PASSED] - verifyElementText: Actual text and expected text of test object 'Object Repository/01 Ingreso Usuarios/01.02 Ingreso Usuario Tecnico/Page_New Reset AIHD Admin Dashboard/div_Tech Admin' are matched.

2018-05-29 17:22:32 - [MESSAGE][PASSED] - Actual text and expected text of test object 'Object Repository/01 Ingreso Usuarios/01.02 Ingreso Usuario Tecnico/Page_New Reset AIHD Admin Dashboard/div_Tech Admin' are matched.

2018-05-29 17:22:32 - [TEST_STEP][PASSED] - verifyElementText: Actual text and expected text of test object 'Object Repository/01 Ingreso Usuarios/01.02 Ingreso Usuario Tecnico/Page_New Reset AIHD Admin Dashboard/i_Tcnico' are matched.

2018-05-29 17:22:32 - [MESSAGE][PASSED] - Actual text and expected text of test object 'Object Repository/01 Ingreso Usuarios/01.02 Ingreso Usuario Tecnico/Page_New Reset AIHD Admin Dashboard/i_Tcnico' are matched.

2018-05-29 17:22:32 - [TEST_STEP][PASSED] - closeBrowser: Browser is closed

2018-05-29 17:22:33 - [MESSAGE][PASSED] - Browser is closed]]></system-out>
         <system-err><![CDATA[]]></system-err>
      </testcase>
      <testcase name="Test Cases/01 Ingreso Usuario/01.03 Ingreso Usuario Administrativo" classname="Test Cases/01 Ingreso Usuario/01.03 Ingreso Usuario Administrativo" status="FAILED">
         <failure type="FAILED" message="Unable to set text 'rct@email.com' of object 'Object Repository/01 Ingreso Usuarios/01.03 Ingreso Usuario Administrativo/Page_Bienvenido NEW RESET A.I.H.D/input_email' (Root cause: com.kms.katalon.core.webui.exception.WebElementNotFoundException: Web element with id: 'Object Repository/01 Ingreso Usuarios/01.03 Ingreso Usuario Administrativo/Page_Bienvenido NEW RESET A.I.H.D/input_email' located by 'By.xpath: //input[@id = 'email' and @type = 'text' and @name = 'email' and @placeholder = 'Ingrese su email']' not found)"/>
         <system-out><![CDATA[2018-05-29 17:22:33 - [TEST_CASE][FAILED] - Test Cases/01 Ingreso Usuario/01.03 Ingreso Usuario Administrativo: Test Cases/01 Ingreso Usuario/01.03 Ingreso Usuario Administrativo FAILED because (of) Unable to set text 'rct@email.com' of object 'Object Repository/01 Ingreso Usuarios/01.03 Ingreso Usuario Administrativo/Page_Bienvenido NEW RESET A.I.H.D/input_email' (Root cause: com.kms.katalon.core.webui.exception.WebElementNotFoundException: Web element with id: 'Object Repository/01 Ingreso Usuarios/01.03 Ingreso Usuario Administrativo/Page_Bienvenido NEW RESET A.I.H.D/input_email' located by 'By.xpath: //input[@id = 'email' and @type = 'text' and @name = 'email' and @placeholder = 'Ingrese su email']' not found)

2018-05-29 17:22:33 - [TEST_STEP][PASSED] - openBrowser: Browser is opened with url: ''

2018-05-29 17:22:35 - [MESSAGE][PASSED] - Browser is opened with url: ''

2018-05-29 17:22:35 - [TEST_STEP][PASSED] - navigateToUrl: Navigate to 'http://localhost:3000/Project_New_Reset_AIHD/WEB/' successfully

2018-05-29 17:22:36 - [MESSAGE][PASSED] - Navigate to 'http://localhost:3000/Project_New_Reset_AIHD/WEB/' successfully

2018-05-29 17:22:36 - [TEST_STEP][PASSED] - click: Object: 'Object Repository/01 Ingreso Usuarios/01.03 Ingreso Usuario Administrativo/Page_Bienvenido NEW RESET A.I.H.D/button_Inicia sesion' is clicked on

2018-05-29 17:22:36 - [MESSAGE][PASSED] - Object: 'Object Repository/01 Ingreso Usuarios/01.03 Ingreso Usuario Administrativo/Page_Bienvenido NEW RESET A.I.H.D/button_Inicia sesion' is clicked on

2018-05-29 17:22:36 - [TEST_STEP][PASSED] - delay: Delayed 2 second(s)

2018-05-29 17:22:38 - [MESSAGE][PASSED] - Delayed 2 second(s)

2018-05-29 17:22:38 - [TEST_STEP][FAILED] - setText: Unable to set text 'rct@email.com' of object 'Object Repository/01 Ingreso Usuarios/01.03 Ingreso Usuario Administrativo/Page_Bienvenido NEW RESET A.I.H.D/input_email' (Root cause: com.kms.katalon.core.webui.exception.WebElementNotFoundException: Web element with id: 'Object Repository/01 Ingreso Usuarios/01.03 Ingreso Usuario Administrativo/Page_Bienvenido NEW RESET A.I.H.D/input_email' located by 'By.xpath: //input[@id = 'email' and @type = 'text' and @name = 'email' and @placeholder = 'Ingrese su email']' not found)

2018-05-29 17:23:10 - [MESSAGE][FAILED] - Unable to set text 'rct@email.com' of object 'Object Repository/01 Ingreso Usuarios/01.03 Ingreso Usuario Administrativo/Page_Bienvenido NEW RESET A.I.H.D/input_email' (Root cause: com.kms.katalon.core.webui.exception.WebElementNotFoundException: Web element with id: 'Object Repository/01 Ingreso Usuarios/01.03 Ingreso Usuario Administrativo/Page_Bienvenido NEW RESET A.I.H.D/input_email' located by 'By.xpath: //input[@id = 'email' and @type = 'text' and @name = 'email' and @placeholder = 'Ingrese su email']' not found)
[[ATTACHMENT|C:\\xampp\\htdocs\\Project_New_Reset_AIHD\\WEB\\test\\Testing\\Reports\\Test Auth Users\\20180529_172212\\1527632590010.png]]]]></system-out>
         <system-err><![CDATA[2018-05-29 17:22:33 - [TEST_CASE][FAILED] - Test Cases/01 Ingreso Usuario/01.03 Ingreso Usuario Administrativo: Test Cases/01 Ingreso Usuario/01.03 Ingreso Usuario Administrativo FAILED because (of) Unable to set text 'rct@email.com' of object 'Object Repository/01 Ingreso Usuarios/01.03 Ingreso Usuario Administrativo/Page_Bienvenido NEW RESET A.I.H.D/input_email' (Root cause: com.kms.katalon.core.webui.exception.WebElementNotFoundException: Web element with id: 'Object Repository/01 Ingreso Usuarios/01.03 Ingreso Usuario Administrativo/Page_Bienvenido NEW RESET A.I.H.D/input_email' located by 'By.xpath: //input[@id = 'email' and @type = 'text' and @name = 'email' and @placeholder = 'Ingrese su email']' not found)]]></system-err>
      </testcase>
      <testcase name="Test Cases/01 Ingreso Usuario/01.04 Ingreso Usuario Profesor" classname="Test Cases/01 Ingreso Usuario/01.04 Ingreso Usuario Profesor" status="FAILED">
         <failure type="FAILED" message="Unable to set text 'uag@email.com' of object 'Object Repository/01 Ingreso Usuarios/01.04 Ingreso Usuario Profesor/Page_Bienvenido NEW RESET A.I.H.D/input_email' (Root cause: com.kms.katalon.core.webui.exception.WebElementNotFoundException: Web element with id: 'Object Repository/01 Ingreso Usuarios/01.04 Ingreso Usuario Profesor/Page_Bienvenido NEW RESET A.I.H.D/input_email' located by 'By.xpath: //input[@id = 'email' and @type = 'text' and @name = 'email' and @placeholder = 'Ingrese su email']' not found)"/>
         <system-out><![CDATA[2018-05-29 17:23:10 - [TEST_CASE][FAILED] - Test Cases/01 Ingreso Usuario/01.04 Ingreso Usuario Profesor: Test Cases/01 Ingreso Usuario/01.04 Ingreso Usuario Profesor FAILED because (of) Unable to set text 'uag@email.com' of object 'Object Repository/01 Ingreso Usuarios/01.04 Ingreso Usuario Profesor/Page_Bienvenido NEW RESET A.I.H.D/input_email' (Root cause: com.kms.katalon.core.webui.exception.WebElementNotFoundException: Web element with id: 'Object Repository/01 Ingreso Usuarios/01.04 Ingreso Usuario Profesor/Page_Bienvenido NEW RESET A.I.H.D/input_email' located by 'By.xpath: //input[@id = 'email' and @type = 'text' and @name = 'email' and @placeholder = 'Ingrese su email']' not found)

2018-05-29 17:23:10 - [TEST_STEP][PASSED] - openBrowser: Browser is opened with url: ''

2018-05-29 17:23:10 - [MESSAGE][WARNING] - A browser is already opened. Closing browser and opening a new one

2018-05-29 17:23:13 - [MESSAGE][PASSED] - Browser is opened with url: ''

2018-05-29 17:23:13 - [TEST_STEP][PASSED] - navigateToUrl: Navigate to 'http://localhost:3000/Project_New_Reset_AIHD/WEB/' successfully

2018-05-29 17:23:19 - [MESSAGE][PASSED] - Navigate to 'http://localhost:3000/Project_New_Reset_AIHD/WEB/' successfully

2018-05-29 17:23:19 - [TEST_STEP][PASSED] - click: Object: 'Object Repository/01 Ingreso Usuarios/01.04 Ingreso Usuario Profesor/Page_Bienvenido NEW RESET A.I.H.D/button_Inicia sesion' is clicked on

2018-05-29 17:23:19 - [MESSAGE][PASSED] - Object: 'Object Repository/01 Ingreso Usuarios/01.04 Ingreso Usuario Profesor/Page_Bienvenido NEW RESET A.I.H.D/button_Inicia sesion' is clicked on

2018-05-29 17:23:19 - [TEST_STEP][PASSED] - delay: Delayed 2 second(s)

2018-05-29 17:23:21 - [MESSAGE][PASSED] - Delayed 2 second(s)

2018-05-29 17:23:21 - [TEST_STEP][FAILED] - setText: Unable to set text 'uag@email.com' of object 'Object Repository/01 Ingreso Usuarios/01.04 Ingreso Usuario Profesor/Page_Bienvenido NEW RESET A.I.H.D/input_email' (Root cause: com.kms.katalon.core.webui.exception.WebElementNotFoundException: Web element with id: 'Object Repository/01 Ingreso Usuarios/01.04 Ingreso Usuario Profesor/Page_Bienvenido NEW RESET A.I.H.D/input_email' located by 'By.xpath: //input[@id = 'email' and @type = 'text' and @name = 'email' and @placeholder = 'Ingrese su email']' not found)

2018-05-29 17:23:52 - [MESSAGE][FAILED] - Unable to set text 'uag@email.com' of object 'Object Repository/01 Ingreso Usuarios/01.04 Ingreso Usuario Profesor/Page_Bienvenido NEW RESET A.I.H.D/input_email' (Root cause: com.kms.katalon.core.webui.exception.WebElementNotFoundException: Web element with id: 'Object Repository/01 Ingreso Usuarios/01.04 Ingreso Usuario Profesor/Page_Bienvenido NEW RESET A.I.H.D/input_email' located by 'By.xpath: //input[@id = 'email' and @type = 'text' and @name = 'email' and @placeholder = 'Ingrese su email']' not found)
[[ATTACHMENT|C:\\xampp\\htdocs\\Project_New_Reset_AIHD\\WEB\\test\\Testing\\Reports\\Test Auth Users\\20180529_172212\\1527632632306.png]]]]></system-out>
         <system-err><![CDATA[2018-05-29 17:23:10 - [TEST_CASE][FAILED] - Test Cases/01 Ingreso Usuario/01.04 Ingreso Usuario Profesor: Test Cases/01 Ingreso Usuario/01.04 Ingreso Usuario Profesor FAILED because (of) Unable to set text 'uag@email.com' of object 'Object Repository/01 Ingreso Usuarios/01.04 Ingreso Usuario Profesor/Page_Bienvenido NEW RESET A.I.H.D/input_email' (Root cause: com.kms.katalon.core.webui.exception.WebElementNotFoundException: Web element with id: 'Object Repository/01 Ingreso Usuarios/01.04 Ingreso Usuario Profesor/Page_Bienvenido NEW RESET A.I.H.D/input_email' located by 'By.xpath: //input[@id = 'email' and @type = 'text' and @name = 'email' and @placeholder = 'Ingrese su email']' not found)]]></system-err>
      </testcase>
      <system-out><![CDATA[2018-05-29 17:22:15 - [TEST_SUITE][FAILED] - Test Auth Users: Test Cases/01 Ingreso Usuario/01.03 Ingreso Usuario Administrativo FAILED because (of) Unable to set text 'rct@email.com' of object 'Object Repository/01 Ingreso Usuarios/01.03 Ingreso Usuario Administrativo/Page_Bienvenido NEW RESET A.I.H.D/input_email' (Root cause: com.kms.katalon.core.webui.exception.WebElementNotFoundException: Web element with id: 'Object Repository/01 Ingreso Usuarios/01.03 Ingreso Usuario Administrativo/Page_Bienvenido NEW RESET A.I.H.D/input_email' located by 'By.xpath: //input[@id = 'email' and @type = 'text' and @name = 'email' and @placeholder = 'Ingrese su email']' not found)]]></system-out>
      <system-err><![CDATA[2018-05-29 17:22:15 - [TEST_SUITE][FAILED] - Test Auth Users: Test Cases/01 Ingreso Usuario/01.03 Ingreso Usuario Administrativo FAILED because (of) Unable to set text 'rct@email.com' of object 'Object Repository/01 Ingreso Usuarios/01.03 Ingreso Usuario Administrativo/Page_Bienvenido NEW RESET A.I.H.D/input_email' (Root cause: com.kms.katalon.core.webui.exception.WebElementNotFoundException: Web element with id: 'Object Repository/01 Ingreso Usuarios/01.03 Ingreso Usuario Administrativo/Page_Bienvenido NEW RESET A.I.H.D/input_email' located by 'By.xpath: //input[@id = 'email' and @type = 'text' and @name = 'email' and @placeholder = 'Ingrese su email']' not found)]]></system-err>
   </testsuite>
</testsuites>
