<?xml version="1.0" encoding="UTF-8"?>
<testsuites name="Test Auth Super Admin" time="61" tests="1" failures="0" errors="0">
   <testsuite name="Test Auth Super Admin" tests="1" failures="0" errors="0" time="61" timestamp="2018-05-28 15:42:38" hostname="SENA - DESKTOP-L0GLE2A" id="Test Suites/Test Auth Super Admin">
      <properties>
         <property name="deviceName" value=""/>
         <property name="devicePlatform" value=""/>
         <property name="logFolder" value="C:\\xampp\\htdocs\\Project_New_Reset_AIHD\\WEB\\test\\Testing\\Reports\\Test Auth Super Admin\\20180528_154236"/>
         <property name="logFiles" value="C:\\xampp\\htdocs\\Project_New_Reset_AIHD\\WEB\\test\\Testing\\Reports\\Test Auth Super Admin\\20180528_154236\\execution0.log"/>
         <property name="attachments" value=""/>
         <property name="hostName" value="SENA - DESKTOP-L0GLE2A"/>
         <property name="os" value="Windows 10 64bit"/>
         <property name="katalonVersion" value="5.4.1.1"/>
         <property name="browser" value="Firefox 60.0"/>
         <property name="hostAddress" value="192.168.2.239"/>
         <property name="sessionId" value="5e2d7008-4fcb-4a5d-9e5d-3e95218a4869"/>
         <property name="seleniumVersion" value="3.7.1"/>
         <property name="proxyInformation" value="ProxyInformation{proxyOption=NO_PROXY, proxyServerType=HTTP, password=, proxyServerAddress=, proxyServerPort=0}"/>
         <property name="platform" value="Windows 10"/>
      </properties>
      <testcase name="Test Cases/01.01 Ingreso Usuario SuperAdministrador" classname="Test Cases/01.01 Ingreso Usuario SuperAdministrador" status="PASSED">
         <system-out><![CDATA[2018-05-28 15:42:38 - [TEST_CASE][PASSED] - Test Cases/01.01 Ingreso Usuario SuperAdministrador: Test Cases/01.01 Ingreso Usuario SuperAdministrador

2018-05-28 15:42:38 - [TEST_STEP][PASSED] - openBrowser: Browser is opened with url: ''

2018-05-28 15:42:44 - [MESSAGE][PASSED] - Browser is opened with url: ''

2018-05-28 15:42:44 - [TEST_STEP][PASSED] - navigateToUrl: Navigate to 'http://localhost:3000/Project_New_Reset_AIHD/WEB/' successfully

2018-05-28 15:43:37 - [MESSAGE][PASSED] - Navigate to 'http://localhost:3000/Project_New_Reset_AIHD/WEB/' successfully

2018-05-28 15:43:37 - [TEST_STEP][PASSED] - click: Object: 'Object Repository/Page_Bienvenido NEW RESET A.I.H.D./button_Inicia sesion' is clicked on

2018-05-28 15:43:38 - [MESSAGE][PASSED] - Object: 'Object Repository/Page_Bienvenido NEW RESET A.I.H.D./button_Inicia sesion' is clicked on

2018-05-28 15:43:38 - [TEST_STEP][PASSED] - setText: Text 'sa@email.com' is set on object 'Object Repository/Page_Bienvenido NEW RESET A.I.H.D./input_email'

2018-05-28 15:43:38 - [MESSAGE][PASSED] - Text 'sa@email.com' is set on object 'Object Repository/Page_Bienvenido NEW RESET A.I.H.D./input_email'

2018-05-28 15:43:38 - [TEST_STEP][PASSED] - setText: Text '123456789' is set on object 'Object Repository/Page_Bienvenido NEW RESET A.I.H.D./input_password'

2018-05-28 15:43:38 - [MESSAGE][PASSED] - Text '123456789' is set on object 'Object Repository/Page_Bienvenido NEW RESET A.I.H.D./input_password'

2018-05-28 15:43:38 - [TEST_STEP][PASSED] - click: Object: 'Object Repository/Page_Bienvenido NEW RESET A.I.H.D./button_Ingresar' is clicked on

2018-05-28 15:43:38 - [MESSAGE][PASSED] - Object: 'Object Repository/Page_Bienvenido NEW RESET A.I.H.D./button_Ingresar' is clicked on

2018-05-28 15:43:38 - [TEST_STEP][PASSED] - verifyElementText: Actual text and expected text of test object 'Object Repository/Page_New Reset AIHD Admin Dashboard/div_Super Admin' are matched.

2018-05-28 15:43:38 - [MESSAGE][PASSED] - Actual text and expected text of test object 'Object Repository/Page_New Reset AIHD Admin Dashboard/div_Super Admin' are matched.

2018-05-28 15:43:38 - [TEST_STEP][PASSED] - verifyElementText: Actual text and expected text of test object 'Object Repository/Page_New Reset AIHD Admin Dashboard/i_Superadministrador' are matched.

2018-05-28 15:43:38 - [MESSAGE][PASSED] - Actual text and expected text of test object 'Object Repository/Page_New Reset AIHD Admin Dashboard/i_Superadministrador' are matched.

2018-05-28 15:43:38 - [TEST_STEP][PASSED] - closeBrowser: Browser is closed

2018-05-28 15:43:39 - [MESSAGE][PASSED] - Browser is closed]]></system-out>
         <system-err><![CDATA[]]></system-err>
      </testcase>
      <system-out><![CDATA[2018-05-28 15:42:38 - [TEST_SUITE][PASSED] - Test Auth Super Admin: Test Cases/01.01 Ingreso Usuario SuperAdministrador]]></system-out>
      <system-err><![CDATA[]]></system-err>
   </testsuite>
</testsuites>
