<?xml version="1.0" encoding="UTF-8"?>
<testsuites name="Ingreso Usuarios" time="126" tests="3" failures="0" errors="0">
   <testsuite name="Ingreso Usuarios" tests="3" failures="0" errors="0" time="126" timestamp="2018-05-27 01:57:06" hostname="AndGar - DESKTOP-KHC70BP.mshome.net" id="Test Suites/Ingreso Usuarios">
      <properties>
         <property name="deviceName" value=""/>
         <property name="devicePlatform" value=""/>
         <property name="logFolder" value="C:\\xampp\\htdocs\\Project_New_Reset_AIHD\\test\\TestingNewReset\\Reports\\Ingreso Usuarios\\20180527_015658"/>
         <property name="logFiles" value="C:\\xampp\\htdocs\\Project_New_Reset_AIHD\\test\\TestingNewReset\\Reports\\Ingreso Usuarios\\20180527_015658\\execution0.log"/>
         <property name="attachments" value=""/>
         <property name="hostName" value="AndGar - DESKTOP-KHC70BP.mshome.net"/>
         <property name="os" value="Windows 10 64bit"/>
         <property name="katalonVersion" value="5.4.1.1"/>
         <property name="browser" value="Chrome 66.0.3359.117"/>
         <property name="hostAddress" value="192.168.216.65"/>
         <property name="sessionId" value="410796b6e6b10664ac8e31397b82660d"/>
         <property name="seleniumVersion" value="3.7.1"/>
         <property name="proxyInformation" value="ProxyInformation{proxyOption=NO_PROXY, proxyServerType=HTTP, password=, proxyServerAddress=, proxyServerPort=0}"/>
         <property name="platform" value="Windows 10"/>
      </properties>
      <testcase name="Test Cases/01.01 Ingreso Superadministrador" classname="Test Cases/01.01 Ingreso Superadministrador" status="PASSED">
         <system-out><![CDATA[2018-05-27 01:57:07 - [TEST_CASE][PASSED] - Test Cases/01.01 Ingreso Superadministrador: Test Cases/01.01 Ingreso Superadministrador

2018-05-27 01:57:09 - [TEST_STEP][PASSED] - openBrowser: Browser is opened with url: ''

2018-05-27 01:57:23 - [MESSAGE][PASSED] - Browser is opened with url: ''

2018-05-27 01:57:23 - [TEST_STEP][PASSED] - navigateToUrl: Navigate to 'http://localhost:3000/Project_New_Reset_AIHD/WEB/' successfully

2018-05-27 01:57:35 - [MESSAGE][PASSED] - Navigate to 'http://localhost:3000/Project_New_Reset_AIHD/WEB/' successfully

2018-05-27 01:57:35 - [TEST_STEP][PASSED] - click: Object: 'Object Repository/Page_Bienvenido NEW RESET A.I.H.D./button_Inicia sesion' is clicked on

2018-05-27 01:57:36 - [MESSAGE][PASSED] - Object: 'Object Repository/Page_Bienvenido NEW RESET A.I.H.D./button_Inicia sesion' is clicked on

2018-05-27 01:57:36 - [TEST_STEP][PASSED] - setText: Text 'sa@email.com' is set on object 'Object Repository/Page_Bienvenido NEW RESET A.I.H.D./input_email'

2018-05-27 01:57:37 - [MESSAGE][PASSED] - Text 'sa@email.com' is set on object 'Object Repository/Page_Bienvenido NEW RESET A.I.H.D./input_email'

2018-05-27 01:57:37 - [TEST_STEP][PASSED] - setText: Text '123456789' is set on object 'Object Repository/Page_Bienvenido NEW RESET A.I.H.D./input_password'

2018-05-27 01:57:38 - [MESSAGE][PASSED] - Text '123456789' is set on object 'Object Repository/Page_Bienvenido NEW RESET A.I.H.D./input_password'

2018-05-27 01:57:38 - [TEST_STEP][PASSED] - click: Object: 'Object Repository/Page_Bienvenido NEW RESET A.I.H.D./p_Ingresar' is clicked on

2018-05-27 01:57:39 - [MESSAGE][PASSED] - Object: 'Object Repository/Page_Bienvenido NEW RESET A.I.H.D./p_Ingresar' is clicked on

2018-05-27 01:57:39 - [TEST_STEP][PASSED] - verifyElementText: Actual text and expected text of test object 'Object Repository/Page_New Reset AIHD Admin Dashboard/01 SuperAdministrador/div_NomUsuarioSuperAdministrador' are matched.

2018-05-27 01:58:01 - [MESSAGE][PASSED] - Actual text and expected text of test object 'Object Repository/Page_New Reset AIHD Admin Dashboard/01 SuperAdministrador/div_NomUsuarioSuperAdministrador' are matched.

2018-05-27 01:58:01 - [TEST_STEP][PASSED] - verifyElementText: Actual text and expected text of test object 'Object Repository/Page_New Reset AIHD Admin Dashboard/01 SuperAdministrador/i_SuperAdministrador' are matched.

2018-05-27 01:58:01 - [MESSAGE][PASSED] - Actual text and expected text of test object 'Object Repository/Page_New Reset AIHD Admin Dashboard/01 SuperAdministrador/i_SuperAdministrador' are matched.

2018-05-27 01:58:01 - [TEST_STEP][PASSED] - closeBrowser: Browser is closed

2018-05-27 01:58:03 - [MESSAGE][PASSED] - Browser is closed]]></system-out>
         <system-err><![CDATA[]]></system-err>
      </testcase>
      <testcase name="Test Cases/01.02 Ingreso Tecnico" classname="Test Cases/01.02 Ingreso Tecnico" status="PASSED">
         <system-out><![CDATA[2018-05-27 01:58:03 - [TEST_CASE][PASSED] - Test Cases/01.02 Ingreso Tecnico: Test Cases/01.02 Ingreso Tecnico

2018-05-27 01:58:04 - [TEST_STEP][PASSED] - openBrowser: Browser is opened with url: ''

2018-05-27 01:58:11 - [MESSAGE][PASSED] - Browser is opened with url: ''

2018-05-27 01:58:11 - [TEST_STEP][PASSED] - navigateToUrl: Navigate to 'http://localhost:3000/Project_New_Reset_AIHD/WEB/' successfully

2018-05-27 01:58:27 - [MESSAGE][PASSED] - Navigate to 'http://localhost:3000/Project_New_Reset_AIHD/WEB/' successfully

2018-05-27 01:58:27 - [TEST_STEP][PASSED] - click: Object: 'Object Repository/Page_Bienvenido NEW RESET A.I.H.D./button_Inicia sesion' is clicked on

2018-05-27 01:58:30 - [MESSAGE][PASSED] - Object: 'Object Repository/Page_Bienvenido NEW RESET A.I.H.D./button_Inicia sesion' is clicked on

2018-05-27 01:58:30 - [TEST_STEP][PASSED] - setText: Text 'tech@email.com' is set on object 'Object Repository/Page_Bienvenido NEW RESET A.I.H.D./input_email'

2018-05-27 01:58:31 - [MESSAGE][PASSED] - Text 'tech@email.com' is set on object 'Object Repository/Page_Bienvenido NEW RESET A.I.H.D./input_email'

2018-05-27 01:58:31 - [TEST_STEP][PASSED] - setText: Text '12345678' is set on object 'Object Repository/Page_Bienvenido NEW RESET A.I.H.D./input_password'

2018-05-27 01:58:32 - [MESSAGE][PASSED] - Text '12345678' is set on object 'Object Repository/Page_Bienvenido NEW RESET A.I.H.D./input_password'

2018-05-27 01:58:32 - [TEST_STEP][PASSED] - click: Object: 'Object Repository/Page_Bienvenido NEW RESET A.I.H.D./p_Ingresar' is clicked on

2018-05-27 01:58:32 - [MESSAGE][PASSED] - Object: 'Object Repository/Page_Bienvenido NEW RESET A.I.H.D./p_Ingresar' is clicked on

2018-05-27 01:58:32 - [TEST_STEP][PASSED] - verifyElementText: Actual text and expected text of test object 'Object Repository/Page_New Reset AIHD Admin Dashboard/02 Tecnico/div_NomUsuarioTecnico' are matched.

2018-05-27 01:58:43 - [MESSAGE][PASSED] - Actual text and expected text of test object 'Object Repository/Page_New Reset AIHD Admin Dashboard/02 Tecnico/div_NomUsuarioTecnico' are matched.

2018-05-27 01:58:43 - [TEST_STEP][PASSED] - verifyElementText: Actual text and expected text of test object 'Object Repository/Page_New Reset AIHD Admin Dashboard/02 Tecnico/i_Tecnico' are matched.

2018-05-27 01:58:43 - [MESSAGE][PASSED] - Actual text and expected text of test object 'Object Repository/Page_New Reset AIHD Admin Dashboard/02 Tecnico/i_Tecnico' are matched.

2018-05-27 01:58:43 - [TEST_STEP][PASSED] - closeBrowser: Browser is closed

2018-05-27 01:58:46 - [MESSAGE][PASSED] - Browser is closed]]></system-out>
         <system-err><![CDATA[]]></system-err>
      </testcase>
      <testcase name="Test Cases/01.03 Ingreso Adminstrativo" classname="Test Cases/01.03 Ingreso Adminstrativo" status="PASSED">
         <system-out><![CDATA[2018-05-27 01:58:46 - [TEST_CASE][PASSED] - Test Cases/01.03 Ingreso Adminstrativo: Test Cases/01.03 Ingreso Adminstrativo

2018-05-27 01:58:47 - [TEST_STEP][PASSED] - openBrowser: Browser is opened with url: ''

2018-05-27 01:58:52 - [MESSAGE][PASSED] - Browser is opened with url: ''

2018-05-27 01:58:52 - [TEST_STEP][PASSED] - navigateToUrl: Navigate to 'http://localhost:3000/Project_New_Reset_AIHD/WEB/' successfully

2018-05-27 01:59:02 - [MESSAGE][PASSED] - Navigate to 'http://localhost:3000/Project_New_Reset_AIHD/WEB/' successfully

2018-05-27 01:59:02 - [TEST_STEP][PASSED] - click: Object: 'Object Repository/Page_Bienvenido NEW RESET A.I.H.D./button_Inicia sesion' is clicked on

2018-05-27 01:59:03 - [MESSAGE][PASSED] - Object: 'Object Repository/Page_Bienvenido NEW RESET A.I.H.D./button_Inicia sesion' is clicked on

2018-05-27 01:59:03 - [TEST_STEP][PASSED] - setText: Text 'rct@email.com' is set on object 'Object Repository/Page_Bienvenido NEW RESET A.I.H.D./input_email'

2018-05-27 01:59:04 - [MESSAGE][PASSED] - Text 'rct@email.com' is set on object 'Object Repository/Page_Bienvenido NEW RESET A.I.H.D./input_email'

2018-05-27 01:59:04 - [TEST_STEP][PASSED] - setText: Text '1234567' is set on object 'Object Repository/Page_Bienvenido NEW RESET A.I.H.D./input_password'

2018-05-27 01:59:04 - [MESSAGE][PASSED] - Text '1234567' is set on object 'Object Repository/Page_Bienvenido NEW RESET A.I.H.D./input_password'

2018-05-27 01:59:04 - [TEST_STEP][PASSED] - click: Object: 'Object Repository/Page_Bienvenido NEW RESET A.I.H.D./p_Ingresar' is clicked on

2018-05-27 01:59:09 - [MESSAGE][PASSED] - Object: 'Object Repository/Page_Bienvenido NEW RESET A.I.H.D./p_Ingresar' is clicked on

2018-05-27 01:59:09 - [TEST_STEP][PASSED] - verifyElementText: Actual text and expected text of test object 'Object Repository/Page_New Reset AIHD Admin Dashboard/03 Administrativo/divNomUsuarioAdministartivo' are matched.

2018-05-27 01:59:09 - [MESSAGE][PASSED] - Actual text and expected text of test object 'Object Repository/Page_New Reset AIHD Admin Dashboard/03 Administrativo/divNomUsuarioAdministartivo' are matched.

2018-05-27 01:59:09 - [TEST_STEP][PASSED] - verifyElementText: Actual text and expected text of test object 'Object Repository/Page_New Reset AIHD Admin Dashboard/03 Administrativo/i_Administrativo' are matched.

2018-05-27 01:59:09 - [MESSAGE][PASSED] - Actual text and expected text of test object 'Object Repository/Page_New Reset AIHD Admin Dashboard/03 Administrativo/i_Administrativo' are matched.

2018-05-27 01:59:09 - [TEST_STEP][PASSED] - closeBrowser: Browser is closed

2018-05-27 01:59:12 - [MESSAGE][PASSED] - Browser is closed]]></system-out>
         <system-err><![CDATA[]]></system-err>
      </testcase>
      <system-out><![CDATA[2018-05-27 01:57:06 - [TEST_SUITE][PASSED] - Ingreso Usuarios: Test Cases/01.03 Ingreso Adminstrativo]]></system-out>
      <system-err><![CDATA[]]></system-err>
   </testsuite>
</testsuites>
